2020-07-04 12:48:52,632 INFO o.a.j.u.JMeterUtils: Setting Locale to en_US
2020-07-04 12:48:52,649 INFO o.a.j.JMeter: Loading user properties from: /root/.bzt/jmeter-taurus/5.2.1/bin/user.properties
2020-07-04 12:48:52,652 INFO o.a.j.JMeter: Loading system properties from: /root/.bzt/jmeter-taurus/5.2.1/bin/system.properties
2020-07-04 12:48:52,653 INFO o.a.j.JMeter: Loading additional properties from: /tmp/artifacts/jmeter-bzt.properties
2020-07-04 12:48:52,658 INFO o.a.j.JMeter: Copyright (c) 1998-2019 The Apache Software Foundation
2020-07-04 12:48:52,659 INFO o.a.j.JMeter: Version 5.2.1
2020-07-04 12:48:52,660 INFO o.a.j.JMeter: java.version=1.8.0_242
2020-07-04 12:48:52,661 INFO o.a.j.JMeter: java.vm.name=OpenJDK 64-Bit Server VM
2020-07-04 12:48:52,663 INFO o.a.j.JMeter: os.name=Linux
2020-07-04 12:48:52,663 INFO o.a.j.JMeter: os.arch=amd64
2020-07-04 12:48:52,664 INFO o.a.j.JMeter: os.version=4.19.76-linuxkit
2020-07-04 12:48:52,665 INFO o.a.j.JMeter: file.encoding=UTF-8
2020-07-04 12:48:52,665 INFO o.a.j.JMeter: java.awt.headless=true
2020-07-04 12:48:52,666 INFO o.a.j.JMeter: Max memory     =464519168
2020-07-04 12:48:52,666 INFO o.a.j.JMeter: Available Processors =2
2020-07-04 12:48:52,671 INFO o.a.j.JMeter: Default Locale=English (United States)
2020-07-04 12:48:52,672 INFO o.a.j.JMeter: JMeter  Locale=English (United States)
2020-07-04 12:48:52,673 INFO o.a.j.JMeter: JMeterHome=/root/.bzt/jmeter-taurus/5.2.1
2020-07-04 12:48:52,674 INFO o.a.j.JMeter: user.dir  =/bzt-configs
2020-07-04 12:48:52,674 INFO o.a.j.JMeter: PWD       =/bzt-configs
2020-07-04 12:48:52,675 INFO o.a.j.JMeter: IP: 172.17.0.2 Name: bab406ca3246 FullName: bab406ca3246
2020-07-04 12:48:52,675 INFO o.a.j.JMeter: user.classpath=/tmp/artifacts:/bzt-configs
2020-07-04 12:48:52,676 INFO o.a.j.JMeter: Adding to classpath and loader: /tmp/artifacts
2020-07-04 12:48:52,689 INFO o.a.j.JMeter: Adding to classpath and loader: /bzt-configs
2020-07-04 12:48:52,731 INFO o.a.j.s.FileServer: Default base='/bzt-configs'
2020-07-04 12:48:52,745 INFO o.a.j.s.FileServer: Set new base='/bzt-configs'
2020-07-04 12:48:52,907 INFO o.a.j.s.SaveService: Testplan (JMX) version: 2.2. Testlog (JTL) version: 2.2
2020-07-04 12:48:52,920 INFO o.a.j.s.SaveService: Using SaveService properties file encoding UTF-8
2020-07-04 12:48:52,944 INFO o.a.j.s.SaveService: Using SaveService properties version 5.0
2020-07-04 12:48:52,965 INFO o.a.j.s.SaveService: Loading file: /bzt-configs/modified_jmeter-script.jmx
2020-07-04 12:48:53,101 INFO o.a.j.p.h.s.HTTPSamplerBase: Parser for text/html is org.apache.jmeter.protocol.http.parser.LagartoBasedHtmlParser
2020-07-04 12:48:53,101 INFO o.a.j.p.h.s.HTTPSamplerBase: Parser for application/xhtml+xml is org.apache.jmeter.protocol.http.parser.LagartoBasedHtmlParser
2020-07-04 12:48:53,102 INFO o.a.j.p.h.s.HTTPSamplerBase: Parser for application/xml is org.apache.jmeter.protocol.http.parser.LagartoBasedHtmlParser
2020-07-04 12:48:53,103 INFO o.a.j.p.h.s.HTTPSamplerBase: Parser for text/xml is org.apache.jmeter.protocol.http.parser.LagartoBasedHtmlParser
2020-07-04 12:48:53,103 INFO o.a.j.p.h.s.HTTPSamplerBase: Parser for text/vnd.wap.wml is org.apache.jmeter.protocol.http.parser.RegexpHTMLParser
2020-07-04 12:48:53,104 INFO o.a.j.p.h.s.HTTPSamplerBase: Parser for text/css is org.apache.jmeter.protocol.http.parser.CssParser
2020-07-04 12:48:53,191 INFO o.a.j.e.StandardJMeterEngine: Running the test!
2020-07-04 12:48:53,199 INFO o.a.j.s.SampleEvent: List of sample_variables: []
2020-07-04 12:48:53,200 INFO o.a.j.s.SampleEvent: List of sample_variables: []
2020-07-04 12:48:53,228 INFO o.a.j.e.u.CompoundVariable: Note: Function class names must contain the string: '.functions.'
2020-07-04 12:48:53,229 INFO o.a.j.e.u.CompoundVariable: Note: Function class names must not contain the string: '.gui.'
2020-07-04 12:48:53,848 INFO o.a.j.JMeter: Running test (1593866933848)
2020-07-04 12:48:53,894 INFO o.a.j.e.StandardJMeterEngine: Starting ThreadGroup: 1 : Thread Group
2020-07-04 12:48:53,895 INFO o.a.j.e.StandardJMeterEngine: Starting 10 threads for group Thread Group.
2020-07-04 12:48:53,896 INFO o.a.j.e.StandardJMeterEngine: Thread will continue on error
2020-07-04 12:48:53,897 INFO o.a.j.t.ThreadGroup: Starting thread group... number=1 threads=10 ramp-up=0 delayedStart=false
2020-07-04 12:48:53,910 INFO o.a.j.t.JMeterThread: Thread started: Thread Group 1-2
2020-07-04 12:48:53,910 INFO o.a.j.t.JMeterThread: Thread started: Thread Group 1-1
2020-07-04 12:48:53,913 INFO o.a.j.t.JMeterThread: Thread started: Thread Group 1-3
2020-07-04 12:48:53,915 INFO o.a.j.t.JMeterThread: Thread started: Thread Group 1-4
2020-07-04 12:48:53,916 INFO o.a.j.t.JMeterThread: Thread started: Thread Group 1-5
2020-07-04 12:48:53,917 INFO o.a.j.t.JMeterThread: Thread started: Thread Group 1-6
2020-07-04 12:48:53,919 INFO o.a.j.t.JMeterThread: Thread started: Thread Group 1-7
2020-07-04 12:48:53,922 INFO o.a.j.t.JMeterThread: Thread started: Thread Group 1-8
2020-07-04 12:48:53,923 INFO o.a.j.t.ThreadGroup: Started thread group number 1
2020-07-04 12:48:53,924 INFO o.a.j.e.StandardJMeterEngine: All thread groups have been started
2020-07-04 12:48:53,924 INFO o.a.j.t.JMeterThread: Thread started: Thread Group 1-9
2020-07-04 12:48:53,924 INFO o.a.j.t.JMeterThread: Thread started: Thread Group 1-10
2020-07-04 12:48:53,955 INFO o.a.j.p.h.s.HTTPHCAbstractImpl: Local host = bab406ca3246
2020-07-04 12:48:53,967 INFO o.a.j.p.h.s.HTTPHC4Impl: HTTP request retry count = 0
2020-07-04 12:48:53,976 INFO o.a.j.s.SampleResult: Note: Sample TimeStamps are START times
2020-07-04 12:48:53,977 INFO o.a.j.s.SampleResult: sampleresult.default.encoding is set to UTF-8
2020-07-04 12:48:53,978 INFO o.a.j.s.SampleResult: sampleresult.useNanoTime=true
2020-07-04 12:48:53,978 INFO o.a.j.s.SampleResult: sampleresult.nanoThreadSleep=5000
2020-07-04 12:48:55,472 INFO o.a.j.t.JMeterThread: Thread is done: Thread Group 1-2
2020-07-04 12:48:55,473 INFO o.a.j.t.JMeterThread: Thread finished: Thread Group 1-2
2020-07-04 12:48:55,524 INFO o.a.j.t.JMeterThread: Thread is done: Thread Group 1-10
2020-07-04 12:48:55,524 INFO o.a.j.t.JMeterThread: Thread finished: Thread Group 1-10
2020-07-04 12:48:55,547 INFO o.a.j.t.JMeterThread: Thread is done: Thread Group 1-3
2020-07-04 12:48:55,547 INFO o.a.j.t.JMeterThread: Thread finished: Thread Group 1-3
2020-07-04 12:48:55,552 INFO o.a.j.t.JMeterThread: Thread is done: Thread Group 1-8
2020-07-04 12:48:55,553 INFO o.a.j.t.JMeterThread: Thread finished: Thread Group 1-8
2020-07-04 12:48:55,564 INFO o.a.j.t.JMeterThread: Thread is done: Thread Group 1-9
2020-07-04 12:48:55,564 INFO o.a.j.t.JMeterThread: Thread finished: Thread Group 1-9
2020-07-04 12:48:55,604 INFO o.a.j.t.JMeterThread: Thread is done: Thread Group 1-1
2020-07-04 12:48:55,605 INFO o.a.j.t.JMeterThread: Thread finished: Thread Group 1-1
2020-07-04 12:48:55,607 INFO o.a.j.t.JMeterThread: Thread is done: Thread Group 1-6
2020-07-04 12:48:55,606 INFO o.a.j.t.JMeterThread: Thread is done: Thread Group 1-4
2020-07-04 12:48:55,609 INFO o.a.j.t.JMeterThread: Thread finished: Thread Group 1-4
2020-07-04 12:48:55,608 INFO o.a.j.t.JMeterThread: Thread finished: Thread Group 1-6
2020-07-04 12:48:55,617 INFO o.a.j.t.JMeterThread: Thread is done: Thread Group 1-7
2020-07-04 12:48:55,617 INFO o.a.j.t.JMeterThread: Thread finished: Thread Group 1-7
2020-07-04 12:48:55,625 INFO o.a.j.t.JMeterThread: Thread is done: Thread Group 1-5
2020-07-04 12:48:55,626 INFO o.a.j.t.JMeterThread: Thread finished: Thread Group 1-5
2020-07-04 12:48:55,626 INFO o.a.j.e.StandardJMeterEngine: Notifying test listeners of end of test
2020-07-04 12:48:55,658 INFO o.a.j.e.StandardJMeterEngine: Forced JVM shutdown requested at end of test
